<?xml version="1.0" encoding="UTF-8"?>
<!-- Generated by org.testng.reporters.JUnitReportReporter -->
<testsuite hostname="DESKTOP-TUA62DI" failures="0" tests="1" name="testCases.TC_002_Login" time="2.432" errors="0" timestamp="2022-01-04T18:19:18 EST" skipped="0">
  <testcase classname="testCases.TC_002_Login" name="test_Login" time="2.432"/>
  <system-out/>
</testsuite> <!-- testCases.TC_002_Login -->
