<?xml version="1.0" encoding="UTF-8"?>
<!-- Generated by org.testng.reporters.JUnitReportReporter -->
<testsuite hostname="DESKTOP-TUA62DI" failures="0" tests="1" name="testCases.TC_008_ProductCompare" time="15.119" errors="0" timestamp="2022-01-14T11:13:43 EST" skipped="0">
  <testcase classname="testCases.TC_008_ProductCompare" name="test_ProductCompare" time="15.119"/>
  <system-out/>
</testsuite> <!-- testCases.TC_008_ProductCompare -->
