<?xml version="1.0" encoding="UTF-8"?>
<!-- Generated by org.testng.reporters.JUnitReportReporter -->
<testsuite hostname="DESKTOP-TUA62DI" failures="0" tests="1" name="testCases.TC_005_ForgotPassword" time="3.236" errors="0" timestamp="2022-01-07T14:07:20 EST" skipped="0">
  <testcase classname="testCases.TC_005_ForgotPassword" name="test_forgotpassword" time="3.236"/>
  <system-out/>
</testsuite> <!-- testCases.TC_005_ForgotPassword -->
