<?xml version="1.0" encoding="UTF-8"?>
<!-- Generated by org.testng.reporters.JUnitReportReporter -->
<testsuite hostname="DESKTOP-TUA62DI" failures="0" tests="1" name="testCases.TC_004_Search" time="1.534" errors="0" timestamp="2022-01-04T18:24:49 EST" skipped="0">
  <testcase classname="testCases.TC_004_Search" name="test_Search" time="1.534"/>
  <system-out/>
</testsuite> <!-- testCases.TC_004_Search -->
