<?xml version="1.0" encoding="UTF-8"?>
<!-- Generated by org.testng.reporters.JUnitReportReporter -->
<testsuite hostname="DESKTOP-TUA62DI" failures="0" tests="1" name="testCases.TC_010_ShoppingCart" time="4.006" errors="0" timestamp="2022-01-15T14:46:15 EST" skipped="0">
  <testcase classname="testCases.TC_010_ShoppingCart" name="test_Shoppingcart" time="4.006"/>
  <system-out/>
</testsuite> <!-- testCases.TC_010_ShoppingCart -->
