<?xml version="1.0" encoding="UTF-8"?>
<!-- Generated by org.testng.reporters.JUnitReportReporter -->
<testsuite hostname="DESKTOP-TUA62DI" failures="0" tests="1" name="testCases.TC_013_RewardPoints" time="3.188" errors="0" timestamp="2022-01-17T20:44:11 EST" skipped="0">
  <testcase classname="testCases.TC_013_RewardPoints" name="test_Rewardpoints" time="3.188"/>
  <system-out/>
</testsuite> <!-- testCases.TC_013_RewardPoints -->
