<?xml version="1.0" encoding="UTF-8"?>
<!-- Generated by org.testng.reporters.JUnitReportReporter -->
<testsuite hostname="DESKTOP-TUA62DI" failures="0" tests="1" name="testCases.TC_006_AddCart" time="15.050" errors="0" timestamp="2022-01-11T22:12:09 EST" skipped="0">
  <testcase classname="testCases.TC_006_AddCart" name="test_addcart" time="15.050"/>
  <system-out/>
</testsuite> <!-- testCases.TC_006_AddCart -->
