<?xml version="1.0" encoding="UTF-8"?>
<!-- Generated by org.testng.reporters.JUnitReportReporter -->
<testsuite hostname="DESKTOP-TUA62DI" failures="0" tests="1" name="testCases.TC_014_Returns" time="3.564" errors="0" timestamp="2022-01-18T14:08:01 EST" skipped="0">
  <testcase classname="testCases.TC_014_Returns" name="test_Returns" time="3.564"/>
  <system-out/>
</testsuite> <!-- testCases.TC_014_Returns -->
