<?xml version="1.0" encoding="UTF-8"?>
<!-- Generated by org.testng.reporters.JUnitReportReporter -->
<testsuite hostname="DESKTOP-TUA62DI" failures="0" tests="1" name="testCases.TC_007_Checkout" time="17.967" errors="0" timestamp="2022-01-12T17:09:19 EST" skipped="0">
  <testcase classname="testCases.TC_007_Checkout" name="TC_007_Checkout" time="17.967"/>
  <system-out/>
</testsuite> <!-- testCases.TC_007_Checkout -->
