<?xml version="1.0" encoding="UTF-8"?>
<!-- Generated by org.testng.reporters.JUnitReportReporter -->
<testsuite hostname="DESKTOP-TUA62DI" failures="0" tests="1" name="testCases.TC_015_ContactUs" time="2.337" errors="0" timestamp="2022-01-18T19:25:56 EST" skipped="0">
  <testcase classname="testCases.TC_015_ContactUs" name="test_Baseclass" time="2.337"/>
  <system-out/>
</testsuite> <!-- testCases.TC_015_ContactUs -->
