<?xml version="1.0" encoding="UTF-8"?>
<!-- Generated by org.testng.reporters.JUnitReportReporter -->
<testsuite hostname="DESKTOP-TUA62DI" failures="0" tests="1" name="testCases.TC_012_OrderHistory" time="1.827" errors="0" timestamp="2022-01-17T11:52:47 EST" skipped="0">
  <testcase classname="testCases.TC_012_OrderHistory" name="test_Orderhistory" time="1.827"/>
  <system-out/>
</testsuite> <!-- testCases.TC_012_OrderHistory -->
