<?xml version="1.0" encoding="UTF-8"?>
<!-- Generated by org.testng.reporters.JUnitReportReporter -->
<testsuite hostname="DESKTOP-TUA62DI" failures="0" tests="1" name="testCases.TC_011_AddressBook" time="5.220" errors="0" timestamp="2022-01-16T13:02:11 EST" skipped="0">
  <testcase classname="testCases.TC_011_AddressBook" name="test_Addressbook" time="5.220"/>
  <system-out/>
</testsuite> <!-- testCases.TC_011_AddressBook -->
