<?xml version="1.0" encoding="UTF-8"?>
<!-- Generated by org.testng.reporters.JUnitReportReporter -->
<testsuite hostname="DESKTOP-TUA62DI" failures="0" tests="1" name="testCases.TC_009_WishList" time="12.151" errors="0" timestamp="2022-01-14T15:14:18 EST" skipped="0">
  <testcase classname="testCases.TC_009_WishList" name="test_Wishlist" time="12.151"/>
  <system-out/>
</testsuite> <!-- testCases.TC_009_WishList -->
